================================================================================
== Profile: REAL-TIME, VTIME, CPU-freq = 2.60 GHz
                                                          Calls Real-Time  Parent  Virt-Time  Parent 
                                                                   (secs) fraction    (secs) fraction

    <zixl_543IiP35>~_zixl                                                1       1.6 (100.0%)       0.0 (100.0%)
  zixl_5A5-ZAiL~_zixl                                                    1       1.6                0.0         
    zixl_5eAt1-I3L~_zixl                                                 1       1.6 ( 99.6%)       0.0 (100.0%)
      zixl_95eAt1-I3L-2IAL56PIZ~_zixl                                    1       1.4 ( 86.7%)       0.0 (100.0%)
        zixl_i21-4Ar8Aq1~_zixl                                        2555       1.3 ( 97.5%)       0.0 ( 33.9%)
          zixl_i21-rI1A21~_zixl                                       2555       1.3 (100.0%)       0.0 (100.0%)
        <zixl_I152>~_zixl                                                        0.0 (  1.8%)       0.0 ( 66.1%)
      <zixl_I152>~_zixl                                                          0.2 ( 13.2%)       0.0 (  0.0%)


================================================================================
== Profile: PEAK-MEMORY, CPU-freq = 2.60 GHz
                                                          Calls   Peak-Mb         
                                                                                  

    <zixl_543IiP35>~_zixl                                                1     164.0 (100.0%)
  zixl_5A5-ZAiL~_zixl                                                    1     164.0         
    zixl_5eAt1-I3L~_zixl                                                 1     164.0 (100.0%)
      zixl_95eAt1-I3L-2IAL56PIZ~_zixl                                    1     164.0 (100.0%)
        zixl_i21-4Ar8Aq1~_zixl                                        2555     140.0 ( 85.4%)
          zixl_i21-rI1A21~_zixl                                       2555     140.0 (100.0%)
        <zixl_I152>~_zixl                                                       24.0 ( 14.6%)

