================================================================================
== Profile: REAL-TIME, VTIME, CPU-freq = 2.60 GHz
                                                          Calls Real-Time  Parent  Virt-Time  Parent 
                                                                   (secs) fraction    (secs) fraction

    <zixl_543IiP35>~_zixl                                                1       2.0 (100.0%)       0.0 (100.0%)
  zixl_5A5-ZAiL~_zixl                                                    1       2.0                0.0         
    zixl_5eAt1-I3L~_zixl                                                 1       2.0 ( 99.6%)       0.0 (100.0%)
      zixl_95eAt1-I3L-2IAL56PIZ~_zixl                                    1       1.8 ( 89.2%)       0.0 (100.0%)
        zixl_i21-4Ar8Aq1~_zixl                                         817       1.7 ( 98.3%)       0.0 ( 47.2%)
          zixl_i21-rI1A21~_zixl                                        817       1.7 (100.0%)       0.0 (100.0%)
        <zixl_I152>~_zixl                                                        0.0 (  1.3%)       0.0 ( 52.8%)
      <zixl_I152>~_zixl                                                          0.2 ( 10.8%)       0.0 (  0.0%)


================================================================================
== Profile: PEAK-MEMORY, CPU-freq = 2.60 GHz
                                                          Calls   Peak-Mb         
                                                                                  

    <zixl_543IiP35>~_zixl                                                1     164.0 (100.0%)
  zixl_5A5-ZAiL~_zixl                                                    1     164.0         
    zixl_5eAt1-I3L~_zixl                                                 1     164.0 (100.0%)
      zixl_95eAt1-I3L-2IAL56PIZ~_zixl                                    1     164.0 (100.0%)
        zixl_i21-4Ar8Aq1~_zixl                                         817     140.0 ( 85.4%)
          zixl_i21-rI1A21~_zixl                                        817     140.0 (100.0%)
        <zixl_I152>~_zixl                                                       24.0 ( 14.6%)

