================================================================================
== Profile: REAL-TIME, VTIME, CPU-freq = 2.60 GHz
                                                          Calls Real-Time  Parent  Virt-Time  Parent 
                                                                   (secs) fraction    (secs) fraction

    <zixl_543IiP35>~_zixl                                              496       1.7 (100.0%)       0.0 ( -nan%)
  zixl_PIr-ZA521I-I3L-PL1~_zixl                                        496       1.7                0.0         
    zixl_PIr-ZA521I-7ALSe1-Z5q [E]~_zixl                               438       0.0 (  2.1%)       0.0 ( -nan%)
    <zixl_I152>~_zixl                                                            1.7 ( 97.8%)       0.0 ( -nan%)

    zixl_PIr-ZA521I-I3L-PL1~_zixl                                      438       0.0 ( 99.8%)       0.0 ( -nan%)
  zixl_PIr-ZA521I-7ALSe1-Z5q~_zixl                                     442       0.0                0.0         
    zixl_PIr-ZA521I-5eAt1-SPL1~_zixl                                   164       0.0 ( 54.2%)       0.0 ( -nan%)
      zixl_PIr-ZA521I-L1U-2A58 [R]~_zixl                               140       0.0 ( 66.4%)       0.0 ( -nan%)
      zixl_A5iP-I1AS-SA2A [D]~_zixl                                    164       0.0 ( 16.3%)       0.0 ( -nan%)
      <zixl_I152>~_zixl                                                          0.0 ( 17.4%)       0.0 ( -nan%)
    zixl_PIr-ZA521I-I103152-yeL~_zixl                                    4       0.0 ( 14.3%)       0.0 ( -nan%)
      <zixl_I152>~_zixl                                                          0.0 ( 99.6%)       0.0 ( -nan%)
    zixl_PIr-ZA521I-re1AI1S-iL2I~_zixl                                  24       0.0 (  7.4%)       0.0 ( -nan%)
      zixl_PIr-ZA521I-L1U-2A58 [T]~_zixl                                24       0.0 ( 97.3%)       0.0 ( -nan%)
      <zixl_I152>~_zixl                                                          0.0 (  2.7%)       0.0 ( -nan%)
    zixl_PIr-ZA521I-I153e2-6iI1-2IAr1~_zixl                             40       0.0 (  7.2%)       0.0 ( -nan%)
      zixl_PIr-ZA521I-r71r8-iL21II342-2A58 [E]~_zixl                    40       0.0 ( 27.2%)       0.0 ( -nan%)
      zixl_A5iP-I1AS-SA2A [Y]~_zixl                                     40       0.0 (  5.3%)       0.0 ( -nan%)
      <zixl_I152>~_zixl                                                          0.0 ( 67.5%)       0.0 ( -nan%)
    zixl_PIr-ZA521I-I153e2-4IPP6~_zixl                                  83       0.0 (  5.5%)       0.0 ( -nan%)
      zixl_PIr-ZA521I-I153e2-ePq-4IPP6~_zixl                            83       0.0 ( 36.6%)       0.0 ( -nan%)
        zixl_PIr-ZA521I-r71r8-iL21II342-2A58 [R]~_zixl                  50       0.0 ( 27.0%)       0.0 ( -nan%)
        <zixl_I152>~_zixl                                                        0.0 ( 73.0%)       0.0 ( -nan%)
      zixl_A5iP-I1AS-SA2A [T]~_zixl                                     83       0.0 ( 23.9%)       0.0 ( -nan%)
      <zixl_I152>~_zixl                                                          0.0 ( 39.5%)       0.0 ( -nan%)
    zixl_PIr-ZA521I-I153e2-6iI1S~_zixl                                  52       0.0 (  4.5%)       0.0 ( -nan%)
      zixl_PIr-ZA521I-r71r8-iL21II342-2A58 [T]~_zixl                    52       0.0 ( 27.0%)       0.0 ( -nan%)
      zixl_A5iP-I1AS-SA2A [H]~_zixl                                     52       0.0 ( 15.9%)       0.0 ( -nan%)
      <zixl_I152>~_zixl                                                          0.0 ( 57.1%)       0.0 ( -nan%)
    zixl_PIr-ZA521I-I14PI2-Ay52IAr2iPL~_zixl                            40       0.0 (  3.3%)       0.0 ( -nan%)
      zixl_A5iP-I1AS-SA2A [G]~_zixl                                     40       0.0 ( 45.7%)       0.0 ( -nan%)
      <zixl_I152>~_zixl                                                          0.0 ( 54.3%)       0.0 ( -nan%)
    zixl_PIr-ZA521I-I14PI2-4IPP6~_zixl                                  25       0.0 (  1.6%)       0.0 ( -nan%)
      zixl_A5iP-I1AS-SA2A [F]~_zixl                                     25       0.0 ( 39.3%)       0.0 ( -nan%)
      zixl_Z4r-I14PI2aIPP6~_zixl                                        25       0.0 (  9.2%)       0.0 ( -nan%)
      <zixl_I152>~_zixl                                                          0.0 ( 51.5%)       0.0 ( -nan%)
    <zixl_58i441S>~_zixl                                                         0.0 (  1.3%)       0.0 ( -nan%)

  <zixl_58i441S>~_zixl                                                           0.0 (  1.7%)       0.0 ( -nan%)

================================================================================
== Profile: PEAK-MEMORY, CPU-freq = 2.60 GHz
                                                          Calls   Peak-Mb         
                                                                                  

