================================================================================
== Profile: REAL-TIME, VTIME, CPU-freq = 2.60 GHz
                                                          Calls Real-Time  Parent  Virt-Time  Parent 
                                                                   (secs) fraction    (secs) fraction

    <zixl_543IiP35>~_zixl                                                1       2.0 (100.0%)       0.0 (100.0%)
  zixl_5A5-ZAiL~_zixl                                                    1       2.0                0.0         
    zixl_5eAt1-I3L~_zixl                                                 1       2.0 ( 99.5%)       0.0 (100.0%)
      zixl_95eAt1-I3L-1LqiL1~_zixl                                      23       0.0 (  2.2%)       0.0 (100.0%)
        zixl_IAI-iZ4e-5Pet1~_zixl                                       23       0.0 ( 84.1%)       0.0 ( 98.6%)
          zixl_IAI-5Pet1~_zixl                                          18       0.0 ( 86.4%)       0.0 ( 97.0%)
            zixl_IAI-5Pet1-5Pet1~_zixl                                  29       0.0 ( 90.7%)       0.0 ( 99.3%)
              zixl_irY-5Pet1~_zixl                                      29       0.0 ( 99.8%)       0.0 (100.0%)
                zixl_irY-yA51bA515~_zixl                                29       0.0 ( 27.9%)       0.0 ( 37.1%)
                  zixl_5Pet1 [R]~_zixl                                  64       0.0 ( 13.6%)       0.0 (  8.6%)
                  zixl_L1U-tAI [T]~_zixl                              4478       0.0 ( 10.9%)       0.0 ( 11.6%)
                  zixl_IAI-6iI1dA61 [R]~_zixl                            8       0.0 (  5.3%)       0.0 (  2.4%)
                  zixl_IAI-4IPt1 [R]~_zixl                               4       0.0 (  2.7%)       0.0 (  0.0%)
                  zixl_55-ASSdP3Ir1 [R]~_zixl                         1093       0.0 (  2.1%)       0.0 (  0.0%)
                  zixl_4r-I14PI2aIPP6 [E]~_zixl                          4       0.0 (  1.4%)       0.0 (  0.0%)
                  <zixl_I152>~_zixl                                              0.0 ( 63.9%)       0.0 ( 77.4%)
                zixl_irY-52I1Lq271L~_zixl                               28       0.0 ( 26.2%)       0.0 ( 24.7%)
                  zixl_irY-rPL51r32iPL [E]~_zixl                        85       0.0 ( 58.5%)       0.0 ( 66.4%)
                  zixl_irY-q1L1IAeiz1~_zixl                             37       0.0 ( 21.3%)       0.0 ( 14.1%)
                    zixl_irY-Zir~_zixl                                  37       0.0 ( 50.2%)       0.0 ( 49.1%)
                      zixl_irY-r2qfPUL~_zixl                            50       0.0 ( 59.7%)       0.0 ( 70.1%)
                        zixl_irY-rPL51r32iPL [T]~_zixl                  16       0.0 ( 96.0%)       0.0 (100.0%)
                        <zixl_I152>~_zixl                                        0.0 (  3.4%)       0.0 (  0.0%)
                      zixl_irY-34~_zixl                                  9       0.0 ( 33.7%)       0.0 ( 29.9%)
                        zixl_5r5-5Pet1 [T]~_zixl                        17       0.0 ( 47.5%)       0.0 ( 87.4%)
                        zixl_5Pet1 [G]~_zixl                             9       0.0 ( 11.2%)       0.0 (  0.4%)
                        zixl_L1U-tAI [RF]~_zixl                         22       0.0 (  2.5%)       0.0 (  4.1%)
                        zixl_3LSP [G]~_zixl                             20       0.0 (  0.7%)       0.0 (  3.0%)
                        <zixl_I152>~_zixl                                        0.0 ( 38.1%)       0.0 (  5.1%)
                      zixl_irY-PIS1Ib3y1~_zixl                          37       0.0 (  3.9%)       0.0 (  0.0%)
                        zixl_irY-UPISb3y1~_zixl                         37       0.0 ( 66.7%)       0.0 ( -nan%)
                        zixl_irY-PIS1Ib3y1-y~_zixl                      18       0.0 ( 16.5%)       0.0 ( -nan%)
                        <zixl_I152>~_zixl                                        0.0 ( 16.9%)       0.0 ( -nan%)
                      <zixl_I152>~_zixl                                          0.0 (  2.7%)       0.0 (  0.0%)
                    zixl_irY-rPL51r32iPL [R]~_zixl                      27       0.0 ( 34.3%)       0.0 ( 41.4%)
                    zixl_irY-ASSb3y1 [E]~_zixl                          37       0.0 (  8.3%)       0.0 (  5.6%)
                    zixl_L1U-tAI [K]~_zixl                              43       0.0 (  1.0%)       0.0 (  1.2%)
                    zixl_3LSP [R]~_zixl                                 27       0.0 (  0.5%)       0.0 (  1.1%)
                    <zixl_I152>~_zixl                                            0.0 (  5.7%)       0.0 (  1.7%)
                  zixl_5r5-5Pet1 [E]~_zixl                              31       0.0 (  8.7%)       0.0 (  9.6%)
                  zixl_irY-52A21p6[gIPL2i1I]~_zixl                      27       0.0 (  8.5%)       0.0 (  9.9%)
                    zixl_5Pet1 [Y]~_zixl                                27       0.0 ( 73.4%)       0.0 ( 93.8%)
                    zixl_L1U-tAI [H]~_zixl                              34       0.0 (  2.3%)       0.0 (  2.0%)
                    <zixl_I152>~_zixl                                            0.0 ( 24.3%)       0.0 (  4.2%)
                  <zixl_I152>~_zixl                                              0.0 (  3.0%)       0.0 (  0.0%)
                zixl_irY-5Pet1[rPL6iq3I1]~_zixl                         17       0.0 ( 19.5%)       0.0 ( 24.7%)
                  zixl_irY-rPL6iq3I1gIPL2i1I~_zixl                      17       0.0 ( 46.0%)       0.0 ( 51.0%)
                    zixl_L1U-tAI [D]~_zixl                            1684       0.0 ( 13.1%)       0.0 ( 12.9%)
                    zixl_I1ZPt1-5A2i56i1S [T]~_zixl                     85       0.0 (  3.7%)       0.0 (  3.9%)
                    zixl_55-ASSdP3Ir1 [Y]~_zixl                        197       0.0 (  1.8%)       0.0 (  0.0%)
                    <zixl_I152>~_zixl                                            0.0 ( 80.3%)       0.0 ( 83.2%)
                    <zixl_58i441S>~_zixl                                         0.0 (  1.1%)       0.0 (  0.0%)
                  zixl_irY-rPL6iq3I1xi62gIPL2i1I [E]~_zixl              17       0.0 ( 42.3%)       0.0 ( 46.7%)
                  zixl_irY-I1512dPet1I5 [E]~_zixl                       17       0.0 (  6.2%)       0.0 (  1.8%)
                  zixl_55-I1512 [T]~_zixl                               17       0.0 (  2.8%)       0.0 (  0.2%)
                  zixl_5r5-I1512 [E]~_zixl                              17       0.0 (  2.1%)       0.0 (  0.2%)
                zixl_IAI-6iI1dA61 [E]~_zixl                             17       0.0 ( 18.7%)       0.0 ( 10.6%)
                zixl_irY-9A553Z15~_zixl                                  7       0.0 (  2.5%)       0.0 (  2.1%)
                  zixl_irY-I1512xi62dPet1I5~_zixl                        7       0.0 ( 76.5%)       0.0 ( 99.8%)
                    zixl_irY-rPL6iq3I1xi62gIPL2i1I [R]~_zixl             7       0.0 ( 65.8%)       0.0 ( 92.2%)
                    zixl_55-I1512 [G]~_zixl                             14       0.0 ( 18.4%)       0.0 (  1.9%)
                    zixl_irY-rPL6iq3I1xi62 [R]~_zixl                     7       0.0 ( 15.2%)       0.0 (  6.0%)
                  <zixl_I152>~_zixl                                              0.0 ( 23.5%)       0.0 (  0.2%)
                zixl_IAI-4IPt1 [E]~_zixl                                21       0.0 (  2.2%)       0.0 (  0.0%)
                <zixl_I152>~_zixl                                                0.0 (  1.3%)       0.0 (  0.0%)
                <zixl_58i441S>~_zixl                                             0.0 (  1.7%)       0.0 (  0.8%)
            zixl_IAI-51234~_zixl                                        29       0.0 (  5.4%)       0.0 (  0.7%)
              zixl_55-I1512 [R]~_zixl                                  232       0.0 ( 61.0%)       0.0 ( 95.7%)
              zixl_IAI-rAIIO~_zixl                                      11       0.0 (  4.1%)       0.0 (  4.3%)
                zixl_irY-rAIIONP~_zixl                                  11       0.0 ( 96.6%)       0.0 (100.0%)
                  zixl_irY-ASSb3y1 [R]~_zixl                             5       0.0 ( 51.7%)       0.0 (100.0%)
                  <zixl_I152>~_zixl                                              0.0 ( 48.3%)       0.0 (  0.0%)
                <zixl_I152>~_zixl                                                0.0 (  3.4%)       0.0 (  0.0%)
              zixl_IAI-rPL52I3r2~_zixl                                  29       0.0 (  2.1%)       0.0 (  0.0%)
              <zixl_I152>~_zixl                                                  0.0 ( 32.8%)       0.0 (  0.0%)
            <zixl_I152>~_zixl                                                    0.0 (  3.5%)       0.0 (  0.0%)
          zixl_4r-4IPt1~_zixl                                           23       0.0 (  4.1%)       0.0 (  3.0%)
            zixl_5Pet1 [E]~_zixl                                        23       0.0 ( 30.8%)       0.0 ( 58.8%)
            zixl_95eAt1-4IPt1 [R]~_zixl                                  5       0.0 ( 12.0%)       0.0 (  0.0%)
            zixl_4r-I14PI2aIPP6 [R]~_zixl                                5       0.0 (  9.5%)       0.0 (  0.0%)
            zixl_95eAt1-I14PI2-Ay52IAr2iPL [R]~_zixl                     5       0.0 (  7.7%)       0.0 (  0.0%)
            zixl_L1U-tAI [R]~_zixl                                     194       0.0 (  6.0%)       0.0 (  9.3%)
            zixl_55-I1512 [E]~_zixl                                      1       0.0 (  3.0%)       0.0 (  0.1%)
            zixl_55-ASSdP3Ir1 [E]~_zixl                                 18       0.0 (  1.1%)       0.0 (  0.0%)
            <zixl_I152>~_zixl                                                    0.0 ( 29.9%)       0.0 ( 31.8%)
          <zixl_I152>~_zixl                                                      0.0 (  8.4%)       0.0 (  0.0%)
          <zixl_58i441S>~_zixl                                                   0.0 (  1.1%)       0.0 (  0.0%)
        <zixl_I152>~_zixl                                                        0.0 ( 15.2%)       0.0 (  1.4%)
      <zixl_I152>~_zixl                                                          1.9 ( 97.8%)       0.0 (  0.0%)

    zixl_irY-5Pet1~_zixl                                                17       0.0 ( 92.6%)       0.0 ( 92.3%)
    zixl_irY-yA51bA515~_zixl                                             8       0.0 (  7.4%)       0.0 (  7.7%)
  zixl_IAI-6iI1dA61~_zixl                                               25       0.0                0.0         
    zixl_IAI-I16iL1~_zixl                                               23       0.0 ( 88.1%)       0.0 (100.0%)
      zixl_IAI-I16iL1-A553Z15~_zixl                                      9       0.0 ( 61.3%)       0.0 (  0.0%)
        zixl_4r-rPi [E]~_zixl                                            9       0.0 ( 98.1%)       0.0 (  0.0%)
        <zixl_I152>~_zixl                                                        0.0 (  1.2%)       0.0 (100.0%)
      zixl_IAI-5iZhPAe5 [E]~_zixl                                       45       0.0 ( 26.2%)       0.0 ( 74.7%)
      zixl_IAI-I16iL1-6iI1~_zixl                                        13       0.0 ( 10.2%)       0.0 ( 25.1%)
        zixl_IAI-5iZhPAe5 [R]~_zixl                                     13       0.0 ( 88.2%)       0.0 ( 99.7%)
        zixl_1LIir7-2IAr1~_zixl                                         11       0.0 (  5.7%)       0.0 (  0.0%)
        zixl_IAI-I1SPNIAr1 [R]~_zixl                                    13       0.0 (  1.3%)       0.0 (  0.3%)
        <zixl_I152>~_zixl                                                        0.0 (  4.8%)       0.0 (  0.0%)
      zixl_IAI-192IAr2 [E]~_zixl                                        23       0.0 (  1.5%)       0.0 (  0.1%)
    zixl_5eAt1-512-6iI1S~_zixl                                          10       0.0 (  6.9%)       0.0 (  0.0%)
    zixl_95eAt1-6iI1-2IAr1~_zixl                                         3       0.0 (  2.3%)       0.0 (  0.0%)
    <zixl_I152>~_zixl                                                            0.0 (  1.2%)       0.0 (  0.0%)
    <zixl_58i441S>~_zixl                                                         0.0 (  1.4%)       0.0 (  0.0%)

    zixl_irY-52I1Lq271L~_zixl                                           85       0.0 ( 81.3%)       0.0 ( 86.1%)
    zixl_irY-q1L1IAeiz1~_zixl                                           27       0.0 ( 10.2%)       0.0 (  7.6%)
    zixl_irY-r2qfPUL~_zixl                                              16       0.0 (  8.5%)       0.0 (  6.3%)
  zixl_irY-rPL51r32iPL~_zixl                                           128       0.0                0.0         
    zixl_irY-rPL5~_zixl                                                 79       0.0 ( 73.2%)       0.0 ( 75.6%)
      zixl_5r5-5Pet1 [R]~_zixl                                          79       0.0 ( 52.1%)       0.0 ( 57.2%)
      zixl_irY-52A21p6 [E]~_zixl                                        36       0.0 ( 38.6%)       0.0 ( 39.3%)
      zixl_3LSP [D]~_zixl                                               52       0.0 (  1.6%)       0.0 (  2.2%)
      <zixl_I152>~_zixl                                                          0.0 (  7.0%)       0.0 (  0.8%)
    zixl_irY-rPL5E~_zixl                                                49       0.0 ( 26.6%)       0.0 ( 24.4%)
      zixl_5Pet1 [D]~_zixl                                              49       0.0 ( 20.6%)       0.0 (  7.5%)
      zixl_L1U-tAI [J]~_zixl                                           477       0.0 (  8.9%)       0.0 (  9.9%)
      zixl_irY-52A21p6 [R]~_zixl                                        28       0.0 (  3.0%)       0.0 (  0.0%)
      zixl_55-ASSdP3Ir1 [D]~_zixl                                      377       0.0 (  2.3%)       0.0 (  0.0%)
      <zixl_I152>~_zixl                                                          0.0 ( 65.0%)       0.0 ( 82.6%)

    zixl_4r-4IPt1~_zixl                                                 23       0.0 ( 10.6%)       0.0 ( 12.4%)
    zixl_irY-yA51bA515~_zixl                                            64       0.0 ( 24.8%)       0.0 ( 21.6%)
    zixl_5r5-5Pet1~_zixl                                               138       0.0 ( 36.7%)       0.0 ( 37.4%)
    zixl_irY-52A21p6[gIPL2i1I]~_zixl                                    27       0.0 ( 10.7%)       0.0 ( 15.5%)
    zixl_irY-rPL5E~_zixl                                                49       0.0 (  6.8%)       0.0 (  2.4%)
    zixl_irY-52A21p6~_zixl                                              36       0.0 (  9.9%)       0.0 ( 10.8%)
  zixl_5Pet1~_zixl                                                     346       0.0                0.0         
    zixl_I1ZPt1-5A2i56i1S [E]~_zixl                                    500       0.0 (  4.8%)       0.0 (  8.1%)
    zixl_ALAeOz1~_zixl                                                 128       0.0 (  4.3%)       0.0 (  1.1%)
      zixl_q1L1IA21-reA351~_zixl                                       128       0.0 ( 40.8%)       0.0 (  0.0%)
      zixl_y3Z4-tAI5~_zixl                                             128       0.0 ( 20.1%)       0.0 (100.0%)
      zixl_6iLi57~_zixl                                                128       0.0 ( 18.5%)       0.0 (  0.0%)
      zixl_ZiLiZiz1-rPL6eir2~_zixl                                     128       0.0 (  7.5%)       0.0 (  0.0%)
      <zixl_I152>~_zixl                                                          0.0 ( 13.0%)       0.0 (  0.0%)
    zixl_3LSP [E]~_zixl                                                170       0.0 (  1.3%)       0.0 (  2.0%)
    zixl_L1U-r73L8 [R]~_zixl                                            12       0.0 (  1.3%)       0.0 (  0.0%)
    zixl_71A4-I1y3ieS [E]~_zixl                                        100       0.0 (  1.1%)       0.0 (  0.1%)
    <zixl_I152>~_zixl                                                            0.0 ( 85.4%)       0.0 ( 88.7%)
    <zixl_58i441S>~_zixl                                                         0.0 (  1.8%)       0.0 (  0.0%)

    zixl_irY-52I1Lq271L~_zixl                                           31       0.0 ( 21.4%)       0.0 ( 20.4%)
    zixl_irY-rPL5~_zixl                                                 79       0.0 ( 68.0%)       0.0 ( 71.0%)
    zixl_irY-34~_zixl                                                   17       0.0 (  4.2%)       0.0 (  3.9%)
    zixl_irY-U1A8bPL51r32iPL~_zixl                                      11       0.0 (  6.4%)       0.0 (  4.7%)
  zixl_5r5-5Pet1~_zixl                                                 138       0.0                0.0         
    zixl_5Pet1 [T]~_zixl                                               138       0.0 ( 53.0%)       0.0 ( 47.7%)
    zixl_55-ZAI8~_zixl                                                 138       0.0 ( 18.6%)       0.0 ( 19.5%)
      <zixl_I152>~_zixl                                                          0.0 ( 99.6%)       0.0 ( 99.4%)
    zixl_L1U-tAI [RE]~_zixl                                            610       0.0 (  4.1%)       0.0 (  5.1%)
    <zixl_I152>~_zixl                                                            0.0 ( 23.7%)       0.0 ( 27.7%)

    zixl_irY-5Pet1[rPL6iq3I1]~_zixl                                     17       0.0 ( 86.9%)       0.0 ( 85.9%)
    zixl_irY-I1512xi62dPet1I5~_zixl                                      7       0.0 ( 13.1%)       0.0 ( 14.1%)
  zixl_irY-rPL6iq3I1xi62gIPL2i1I~_zixl                                  24       0.0                0.0         
    zixl_L1U-tAI [Y]~_zixl                                            1922       0.0 ( 14.7%)       0.0 ( 13.8%)
    zixl_I1ZPt1-5A2i56i1S [R]~_zixl                                    120       0.0 (  3.2%)       0.0 (  4.1%)
    zixl_55-ASSdP3Ir1 [T]~_zixl                                        218       0.0 (  2.2%)       0.0 (  0.0%)
    <zixl_I152>~_zixl                                                            0.0 ( 78.1%)       0.0 ( 82.2%)
    <zixl_58i441S>~_zixl                                                         0.0 (  1.9%)       0.0 (  0.0%)

    zixl_55-I1512~_zixl                                                716       0.0 ( 11.7%)       0.0 (  6.4%)
    zixl_4r-4IPt1~_zixl                                                194       0.0 (  3.6%)       0.0 (  2.7%)
    zixl_irY-yA51bA515~_zixl                                          4478       0.0 ( 34.7%)       0.0 ( 40.0%)
    zixl_irY-rPL6iq3I1xi62gIPL2i1I~_zixl                              1922       0.0 ( 15.8%)       0.0 ( 17.2%)
    zixl_irY-rPL6iq3I1gIPL2i1I~_zixl                                  1684       0.0 ( 13.3%)       0.0 ( 15.0%)
    zixl_irY-rPL5E~_zixl                                               477       0.0 (  5.1%)       0.0 (  4.3%)
    zixl_5r5-5Pet1~_zixl                                               610       0.0 (  4.9%)       0.0 (  5.5%)
    zixl_irY-rPL5~_zixl                                                 66       0.0 (  1.0%)       0.0 (  0.6%)
    zixl_irY-52A21p6~_zixl                                             663       0.0 (  6.3%)       0.0 (  5.9%)
    <zixl_58i441S>~_zixl                                                         0.0 (  3.5%)       0.0 (  2.5%)
  zixl_L1U-tAI~_zixl                                                 11071       0.0                0.0         
    zixl_3LSP [F]~_zixl                                                 19       0.0 (  1.3%)       0.0 (  1.1%)
    <zixl_I152>~_zixl                                                            0.0 ( 98.7%)       0.0 ( 98.9%)

    zixl_IAI-I16iL1~_zixl                                               45       0.0 ( 74.6%)       0.0 ( 74.9%)
    zixl_IAI-I16iL1-6iI1~_zixl                                          13       0.0 ( 25.4%)       0.0 ( 25.1%)
  zixl_IAI-5iZhPAe5~_zixl                                               58       0.0                0.0         

    zixl_irY-rPL5~_zixl                                                 36       0.0 ( 97.2%)       0.0 (100.0%)
    zixl_irY-rPL5E~_zixl                                                28       0.0 (  2.8%)       0.0 (  0.0%)
  zixl_irY-52A21p6~_zixl                                                64       0.0                0.0         
    zixl_5Pet1 [F]~_zixl                                                36       0.0 ( 27.4%)       0.0 ( 28.1%)
    zixl_L1U-tAI [RY]~_zixl                                            663       0.0 ( 10.1%)       0.0 ( 11.3%)
    zixl_52A21p6-52S~_zixl                                              36       0.0 (  4.5%)       0.0 (  1.2%)
      zixl_L1U-tAI [RD]~_zixl                                           17       0.0 (  2.0%)       0.0 ( 24.1%)
      <zixl_I152>~_zixl                                                          0.0 ( 98.0%)       0.0 ( 75.9%)
    zixl_irY-52A21p6[iLi2]~_zixl                                        28       0.0 (  2.4%)       0.0 (  0.0%)
    zixl_55-ASSdP3Ir1 [G]~_zixl                                         49       0.0 (  1.6%)       0.0 (  0.0%)
    zixl_3LSP [Y]~_zixl                                                 36       0.0 (  0.6%)       0.0 (  1.6%)
    <zixl_I152>~_zixl                                                            0.0 ( 53.4%)       0.0 ( 57.8%)

    zixl_5Pet1~_zixl                                                   500       0.0 ( 53.1%)       0.0 ( 53.5%)
    zixl_irY-rPL6iq3I1xi62gIPL2i1I~_zixl                               120       0.0 ( 21.6%)       0.0 ( 24.4%)
    zixl_irY-rPL6iq3I1gIPL2i1I~_zixl                                    85       0.0 ( 24.2%)       0.0 ( 22.0%)
    <zixl_58i441S>~_zixl                                                         0.0 (  1.0%)       0.0 (  0.1%)
  zixl_I1ZPt1-5A2i56i1S~_zixl                                          930       0.0                0.0         

  <zixl_58i441S>~_zixl                                                           0.0 (  0.5%)       0.0 (  3.5%)

================================================================================
== Profile: PEAK-MEMORY, CPU-freq = 2.60 GHz
                                                          Calls   Peak-Mb         
                                                                                  

    <zixl_543IiP35>~_zixl                                                1      16.0 (100.0%)
  zixl_5A5-ZAiL~_zixl                                                    1      16.0         
    zixl_5eAt1-I3L~_zixl                                                 1      16.0 (100.0%)
      zixl_95eAt1-I3L-1LqiL1~_zixl                                      23      16.0 (100.0%)
        zixl_IAI-iZ4e-5Pet1~_zixl                                       23      12.0 ( 75.0%)
          zixl_IAI-5Pet1~_zixl                                          18      12.0 (100.0%)
            zixl_IAI-51234~_zixl                                        29       8.0 ( 66.7%)
              zixl_55-I1512 [R]~_zixl                                  232       8.0 (100.0%)
            zixl_IAI-5Pet1-5Pet1~_zixl                                  29       4.0 ( 33.3%)
              zixl_irY-5Pet1~_zixl                                      29       4.0 (100.0%)
                zixl_irY-yA51bA515~_zixl                                29       4.0 (100.0%)
                  zixl_5Pet1 [R]~_zixl                                  64       4.0 (100.0%)
        <zixl_I152>~_zixl                                                        4.0 ( 25.0%)

    zixl_55-I1512~_zixl                                                358       8.0 ( 66.7%)
    zixl_5Pet1~_zixl                                                    12       4.0 ( 33.3%)
  zixl_L1U-r73L8~_zixl                                                 386      12.0         

    zixl_IAI-51234~_zixl                                               232       8.0 (100.0%)
  zixl_55-I1512~_zixl                                                  358       8.0         
    zixl_L1U-r73L8 [E]~_zixl                                           358       8.0 (100.0%)

    zixl_irY-yA51bA515~_zixl                                            64       4.0 (100.0%)
  zixl_5Pet1~_zixl                                                     346       4.0         
    zixl_L1U-r73L8 [R]~_zixl                                            12       4.0 (100.0%)

