================================================================================
== Profile: REAL-TIME, VTIME, CPU-freq = 2.60 GHz
                                                          Calls Real-Time  Parent  Virt-Time  Parent 
                                                                   (secs) fraction    (secs) fraction

    <zixl_543IiP35>~_zixl                                                1       2.0 (100.0%)       0.0 (100.0%)
  zixl_5A5-ZAiL~_zixl                                                    1       2.0                0.0         
    zixl_5eAt1-I3L~_zixl                                                 1       2.0 ( 99.5%)       0.0 (100.0%)
      zixl_95eAt1-I3L-1LqiL1~_zixl                                      20       0.0 (  2.0%)       0.0 (100.0%)
        zixl_IAI-iZ4e-5Pet1~_zixl                                       20       0.0 ( 78.4%)       0.0 ( 98.4%)
          zixl_IAI-5Pet1~_zixl                                          13       0.0 ( 86.9%)       0.0 ( 96.7%)
            zixl_IAI-5Pet1-5Pet1~_zixl                                  21       0.0 ( 88.8%)       0.0 ( 99.3%)
              zixl_irY-5Pet1~_zixl                                      21       0.0 ( 99.8%)       0.0 (100.0%)
                zixl_irY-yA51bA515~_zixl                                21       0.0 ( 25.8%)       0.0 ( 36.0%)
                  zixl_5Pet1 [R]~_zixl                                  40       0.0 ( 11.5%)       0.0 (  8.2%)
                  zixl_L1U-tAI [T]~_zixl                              3744       0.0 ( 10.8%)       0.0 ( 11.8%)
                  zixl_IAI-6iI1dA61 [R]~_zixl                           11       0.0 (  8.8%)       0.0 (  2.5%)
                  zixl_55-ASSdP3Ir1 [R]~_zixl                          805       0.0 (  2.5%)       0.0 (  0.0%)
                  <zixl_I152>~_zixl                                              0.0 ( 65.2%)       0.0 ( 77.5%)
                  <zixl_58i441S>~_zixl                                           0.0 (  1.1%)       0.0 (  0.0%)
                zixl_irY-52I1Lq271L~_zixl                               17       0.0 ( 23.6%)       0.0 ( 20.3%)
                  zixl_irY-rPL51r32iPL [E]~_zixl                        65       0.0 ( 54.2%)       0.0 ( 65.4%)
                  zixl_irY-q1L1IAeiz1~_zixl                             36       0.0 ( 32.0%)       0.0 ( 22.1%)
                    zixl_irY-rPL51r32iPL [R]~_zixl                      23       0.0 ( 48.6%)       0.0 ( 59.9%)
                    zixl_irY-Zir~_zixl                                  36       0.0 ( 38.1%)       0.0 ( 32.7%)
                      zixl_irY-r2qfPUL~_zixl                            45       0.0 ( 68.2%)       0.0 ( 75.2%)
                        zixl_irY-rPL51r32iPL [T]~_zixl                  12       0.0 ( 96.2%)       0.0 (100.0%)
                        <zixl_I152>~_zixl                                        0.0 (  3.2%)       0.0 (  0.0%)
                      zixl_irY-34~_zixl                                  6       0.0 ( 24.7%)       0.0 ( 24.8%)
                        zixl_5r5-5Pet1 [Y]~_zixl                         9       0.0 ( 48.7%)       0.0 ( 88.7%)
                        zixl_5Pet1 [G]~_zixl                             6       0.0 ( 12.9%)       0.0 (  1.2%)
                        zixl_L1U-tAI [RJ]~_zixl                         12       0.0 (  2.2%)       0.0 (  3.7%)
                        zixl_3LSP [H]~_zixl                             12       0.0 (  0.6%)       0.0 (  2.1%)
                        <zixl_I152>~_zixl                                        0.0 ( 35.6%)       0.0 (  4.2%)
                      zixl_irY-PIS1Ib3y1~_zixl                          36       0.0 (  4.1%)       0.0 (  0.0%)
                        zixl_irY-UPISb3y1~_zixl                         36       0.0 ( 63.9%)       0.0 ( -nan%)
                        zixl_irY-PIS1Ib3y1-y~_zixl                      17       0.0 ( 15.2%)       0.0 ( -nan%)
                        <zixl_I152>~_zixl                                        0.0 ( 20.9%)       0.0 ( -nan%)
                      <zixl_I152>~_zixl                                          0.0 (  3.0%)       0.0 (  0.0%)
                    zixl_irY-ASSb3y1 [E]~_zixl                          36       0.0 (  6.6%)       0.0 (  4.1%)
                    zixl_L1U-tAI [J]~_zixl                              41       0.0 (  0.9%)       0.0 (  1.0%)
                    <zixl_I152>~_zixl                                            0.0 (  5.3%)       0.0 (  1.4%)
                  zixl_irY-52A21p6[gIPL2i1I]~_zixl                       9       0.0 (  5.6%)       0.0 (  6.6%)
                    zixl_5Pet1 [Y]~_zixl                                 9       0.0 ( 77.6%)       0.0 ( 91.9%)
                    zixl_L1U-tAI [RH]~_zixl                             19       0.0 (  1.4%)       0.0 (  3.0%)
                    <zixl_I152>~_zixl                                            0.0 ( 21.0%)       0.0 (  5.1%)
                  zixl_5r5-5Pet1 [E]~_zixl                              19       0.0 (  5.5%)       0.0 (  6.0%)
                  <zixl_I152>~_zixl                                              0.0 (  2.8%)       0.0 (  0.0%)
                zixl_irY-5Pet1[rPL6iq3I1]~_zixl                          9       0.0 ( 21.0%)       0.0 ( 27.6%)
                  zixl_irY-rPL6iq3I1gIPL2i1I~_zixl                       9       0.0 ( 52.1%)       0.0 ( 51.5%)
                    zixl_L1U-tAI [D]~_zixl                            1612       0.0 ( 11.7%)       0.0 ( 12.8%)
                    zixl_I1ePr-34SA21~_zixl                              6       0.0 (  7.8%)       0.0 (  0.0%)
                    zixl_I1ePr-rP4O~_zixl                                6       0.0 (  4.3%)       0.0 (  0.0%)
                      zixl_I1e1A51-r73L8~_zixl                        1127       0.0 ( 11.5%)       0.0 ( -nan%)
                      <zixl_I152>~_zixl                                          0.0 ( 88.5%)       0.0 ( -nan%)
                    zixl_L1U-r73L8 [R]~_zixl                            12       0.0 (  3.6%)       0.0 (  0.0%)
                    zixl_I1ZPt1-5A2i56i1S [T]~_zixl                     45       0.0 (  3.5%)       0.0 (  4.1%)
                    zixl_55-ASSdP3Ir1 [Y]~_zixl                        141       0.0 (  1.7%)       0.0 (  0.0%)
                    <zixl_I152>~_zixl                                            0.0 ( 66.4%)       0.0 ( 83.1%)
                  zixl_irY-rPL6iq3I1xi62gIPL2i1I [E]~_zixl               9       0.0 ( 40.7%)       0.0 ( 47.0%)
                  zixl_irY-I1512dPet1I5 [E]~_zixl                        9       0.0 (  4.5%)       0.0 (  1.3%)
                  zixl_5r5-I1512 [E]~_zixl                               9       0.0 (  1.3%)       0.0 (  0.1%)
                  zixl_55-I1512 [T]~_zixl                                9       0.0 (  1.1%)       0.0 (  0.1%)
                zixl_IAI-6iI1dA61 [E]~_zixl                              6       0.0 ( 20.7%)       0.0 ( 12.9%)
                zixl_irY-4IP4AqA21 [E]~_zixl                            10       0.0 (  3.5%)       0.0 (  1.9%)
                zixl_IAI-4IPt1 [E]~_zixl                                16       0.0 (  2.1%)       0.0 (  0.0%)
                zixl_irY-I1512dPet1I5 [R]~_zixl                         10       0.0 (  1.1%)       0.0 (  0.8%)
                <zixl_58i441S>~_zixl                                             0.0 (  1.2%)       0.0 (  0.5%)
            zixl_IAI-51234~_zixl                                        21       0.0 (  6.5%)       0.0 (  0.7%)
              zixl_55-I1512 [R]~_zixl                                  168       0.0 ( 67.6%)       0.0 ( 81.2%)
              zixl_IAI-rAIIO~_zixl                                       8       0.0 (  6.3%)       0.0 ( 18.8%)
                zixl_irY-rAIIONP~_zixl                                   8       0.0 ( 97.3%)       0.0 (100.0%)
                  zixl_irY-ASSb3y1 [R]~_zixl                            20       0.0 ( 77.3%)       0.0 (100.0%)
                  <zixl_I152>~_zixl                                              0.0 ( 22.7%)       0.0 (  0.0%)
                <zixl_I152>~_zixl                                                0.0 (  2.7%)       0.0 (  0.0%)
              zixl_IAI-rPL52I3r2~_zixl                                  21       0.0 (  1.5%)       0.0 (  0.0%)
              <zixl_I152>~_zixl                                                  0.0 ( 24.6%)       0.0 (  0.0%)
            <zixl_I152>~_zixl                                                    0.0 (  4.1%)       0.0 (  0.0%)
          zixl_4r-4IPt1~_zixl                                           20       0.0 (  5.2%)       0.0 (  3.3%)
            zixl_5Pet1 [E]~_zixl                                        20       0.0 ( 19.3%)       0.0 ( 41.3%)
            zixl_95eAt1-4IPt1 [E]~_zixl                                  7       0.0 ( 14.7%)       0.0 (  0.0%)
            zixl_95eAt1-I14PI2-Ay52IAr2iPL [E]~_zixl                     7       0.0 ( 11.1%)       0.0 (  0.0%)
            zixl_4r-I14PI2aIPP6 [E]~_zixl                                7       0.0 (  9.4%)       0.0 (  0.0%)
            zixl_55-I1512 [E]~_zixl                                      1       0.0 (  7.1%)       0.0 (  0.1%)
            zixl_L1U-tAI [R]~_zixl                                     259       0.0 (  6.0%)       0.0 ( 12.3%)
            zixl_55-ASSdP3Ir1 [E]~_zixl                                 16       0.0 (  1.1%)       0.0 (  0.0%)
            <zixl_I152>~_zixl                                                    0.0 ( 31.4%)       0.0 ( 46.3%)
          <zixl_I152>~_zixl                                                      0.0 (  6.7%)       0.0 (  0.0%)
          <zixl_58i441S>~_zixl                                                   0.0 (  1.2%)       0.0 (  0.0%)
        <zixl_I152>~_zixl                                                        0.0 ( 20.5%)       0.0 (  1.6%)
        <zixl_58i441S>~_zixl                                                     0.0 (  1.1%)       0.0 (  0.0%)
      <zixl_I152>~_zixl                                                          1.9 ( 97.9%)       0.0 (  0.0%)

    zixl_irY-5Pet1~_zixl                                                 6       0.0 ( 90.1%)       0.0 ( 93.6%)
    zixl_irY-yA51bA515~_zixl                                            11       0.0 (  9.9%)       0.0 (  6.4%)
  zixl_IAI-6iI1dA61~_zixl                                               17       0.0                0.0         
    zixl_IAI-I16iL1~_zixl                                               17       0.0 ( 91.8%)       0.0 (100.0%)
      zixl_IAI-I16iL1-A553Z15~_zixl                                      8       0.0 ( 67.8%)       0.0 (  0.0%)
        zixl_4r-rPi [E]~_zixl                                            8       0.0 ( 98.3%)       0.0 (  0.0%)
        <zixl_I152>~_zixl                                                        0.0 (  0.9%)       0.0 (100.0%)
      zixl_IAI-5iZhPAe5 [E]~_zixl                                       34       0.0 ( 28.0%)       0.0 ( 94.2%)
      zixl_IAI-I16iL1-6iI1~_zixl                                         9       0.0 (  2.3%)       0.0 (  5.6%)
        zixl_IAI-5iZhPAe5 [R]~_zixl                                      9       0.0 ( 83.3%)       0.0 ( 99.4%)
        zixl_IAI-I1SPNIAr1 [R]~_zixl                                     9       0.0 (  3.2%)       0.0 (  0.6%)
        zixl_1LIir7-2IAr1~_zixl                                          9       0.0 (  2.6%)       0.0 (  0.0%)
        <zixl_I152>~_zixl                                                        0.0 ( 11.0%)       0.0 (  0.0%)
      zixl_IAI-192IAr2 [E]~_zixl                                        17       0.0 (  1.2%)       0.0 (  0.1%)
    zixl_5eAt1-512-6iI1S~_zixl                                           8       0.0 (  5.0%)       0.0 (  0.0%)
    <zixl_58i441S>~_zixl                                                         0.0 (  2.2%)       0.0 (  0.0%)

    zixl_irY-52I1Lq271L~_zixl                                           65       0.0 ( 69.7%)       0.0 ( 77.8%)
    zixl_irY-q1L1IAeiz1~_zixl                                           23       0.0 ( 20.0%)       0.0 ( 15.7%)
    zixl_irY-r2qfPUL~_zixl                                              12       0.0 ( 10.3%)       0.0 (  6.5%)
  zixl_irY-rPL51r32iPL~_zixl                                           100       0.0                0.0         
    zixl_irY-rPL5~_zixl                                                 70       0.0 ( 81.9%)       0.0 ( 82.8%)
      zixl_5r5-5Pet1 [R]~_zixl                                          70       0.0 ( 57.1%)       0.0 ( 61.8%)
      zixl_irY-52A21p6 [R]~_zixl                                        31       0.0 ( 33.9%)       0.0 ( 34.5%)
      zixl_3LSP [G]~_zixl                                               47       0.0 (  1.3%)       0.0 (  2.5%)
      <zixl_I152>~_zixl                                                          0.0 (  7.2%)       0.0 (  0.8%)
    zixl_irY-rPL5E~_zixl                                                30       0.0 ( 17.9%)       0.0 ( 17.2%)
      zixl_5Pet1 [D]~_zixl                                              30       0.0 ( 23.8%)       0.0 (  8.8%)
      zixl_L1U-tAI [H]~_zixl                                           241       0.0 (  8.7%)       0.0 (  9.3%)
      zixl_55-ASSdP3Ir1 [D]~_zixl                                      216       0.0 (  3.0%)       0.0 (  0.0%)
      zixl_irY-52A21p6 [E]~_zixl                                        10       0.0 (  2.9%)       0.0 (  0.0%)
      <zixl_I152>~_zixl                                                          0.0 ( 61.3%)       0.0 ( 81.8%)

    zixl_4r-4IPt1~_zixl                                                 20       0.0 (  9.5%)       0.0 ( 11.4%)
    zixl_irY-yA51bA515~_zixl                                            40       0.0 ( 21.7%)       0.0 ( 23.9%)
    zixl_5r5-5Pet1~_zixl                                               153       0.0 ( 42.4%)       0.0 ( 39.3%)
    zixl_irY-52A21p6[gIPL2i1I]~_zixl                                     9       0.0 (  7.4%)       0.0 (  9.9%)
    zixl_irY-rPL5E~_zixl                                                30       0.0 (  5.7%)       0.0 (  2.1%)
    zixl_irY-52A21p6~_zixl                                              31       0.0 ( 12.6%)       0.0 ( 13.4%)
  zixl_5Pet1~_zixl                                                     289       0.0                0.0         
    zixl_I1ZPt1-5A2i56i1S [E]~_zixl                                    285       0.0 (  4.6%)       0.0 (  8.4%)
    zixl_ALAeOz1~_zixl                                                  82       0.0 (  3.4%)       0.0 (  1.0%)
      zixl_q1L1IA21-reA351~_zixl                                        82       0.0 ( 44.0%)       0.0 (  0.0%)
      zixl_6iLi57~_zixl                                                 82       0.0 ( 18.6%)       0.0 (  0.0%)
      zixl_y3Z4-tAI5~_zixl                                              82       0.0 ( 15.1%)       0.0 (100.0%)
      zixl_ZiLiZiz1-rPL6eir2~_zixl                                      82       0.0 (  7.3%)       0.0 (  0.0%)
      <zixl_I152>~_zixl                                                          0.0 ( 15.0%)       0.0 (  0.0%)
    zixl_3LSP [E]~_zixl                                                110       0.0 (  0.8%)       0.0 (  1.6%)
    <zixl_I152>~_zixl                                                            0.0 ( 88.8%)       0.0 ( 88.9%)
    <zixl_58i441S>~_zixl                                                         0.0 (  2.4%)       0.0 (  0.1%)

    zixl_irY-52I1Lq271L~_zixl                                           19       0.0 ( 10.3%)       0.0 ( 10.1%)
    zixl_irY-rPL5~_zixl                                                 70       0.0 ( 68.4%)       0.0 ( 72.5%)
    zixl_irY-U1A8bPL51r32iPL~_zixl                                      55       0.0 ( 18.6%)       0.0 ( 14.8%)
    zixl_irY-34~_zixl                                                    9       0.0 (  2.8%)       0.0 (  2.7%)
  zixl_5r5-5Pet1~_zixl                                                 153       0.0                0.0         
    zixl_5Pet1 [T]~_zixl                                               153       0.0 ( 46.4%)       0.0 ( 40.6%)
    zixl_55-ZAI8~_zixl                                                 153       0.0 ( 24.7%)       0.0 ( 29.9%)
      zixl_3LSP [J]~_zixl                                               13       0.0 (  1.0%)       0.0 (  1.1%)
      <zixl_I152>~_zixl                                                          0.0 ( 99.0%)       0.0 ( 98.9%)
    zixl_L1U-tAI [K]~_zixl                                             489       0.0 (  4.3%)       0.0 (  4.6%)
    <zixl_I152>~_zixl                                                            0.0 ( 24.0%)       0.0 ( 24.9%)

    zixl_irY-5Pet1[rPL6iq3I1]~_zixl                                      9       0.0 ( 97.1%)       0.0 ( 97.1%)
    zixl_irY-I1512xi62dPet1I5~_zixl                                      1       0.0 (  2.9%)       0.0 (  2.9%)
  zixl_irY-rPL6iq3I1xi62gIPL2i1I~_zixl                                  10       0.0                0.0         
    zixl_L1U-tAI [Y]~_zixl                                            1596       0.0 ( 16.1%)       0.0 ( 13.5%)
    zixl_I1ZPt1-5A2i56i1S [R]~_zixl                                     50       0.0 (  3.3%)       0.0 (  4.3%)
    zixl_55-ASSdP3Ir1 [T]~_zixl                                        136       0.0 (  2.2%)       0.0 (  0.0%)
    <zixl_I152>~_zixl                                                            0.0 ( 77.4%)       0.0 ( 82.2%)
    <zixl_58i441S>~_zixl                                                         0.0 (  1.0%)       0.0 (  0.0%)

    zixl_55-I1512~_zixl                                                484       0.0 ( 11.1%)       0.0 (  5.1%)
    zixl_4r-4IPt1~_zixl                                                259       0.0 (  4.6%)       0.0 (  4.0%)
    zixl_irY-yA51bA515~_zixl                                          3744       0.0 ( 32.0%)       0.0 ( 39.8%)
    zixl_irY-rPL6iq3I1xi62gIPL2i1I~_zixl                              1596       0.0 ( 16.3%)       0.0 ( 17.0%)
    zixl_irY-rPL6iq3I1gIPL2i1I~_zixl                                  1612       0.0 ( 14.7%)       0.0 ( 17.1%)
    zixl_irY-rPL5E~_zixl                                               241       0.0 (  3.3%)       0.0 (  2.6%)
    zixl_5r5-5Pet1~_zixl                                               489       0.0 (  6.2%)       0.0 (  5.2%)
    zixl_irY-ASSb3y1~_zixl                                              51       0.0 (  1.4%)       0.0 (  0.6%)
    zixl_irY-52A21p6~_zixl                                             449       0.0 (  5.3%)       0.0 (  4.8%)
    zixl_irY-rPL6iq3I1bPL5~_zixl                                       177       0.0 (  2.5%)       0.0 (  1.9%)
    <zixl_58i441S>~_zixl                                                         0.0 (  2.5%)       0.0 (  2.1%)
  zixl_L1U-tAI~_zixl                                                  9279       0.0                0.0         
    zixl_3LSP [T]~_zixl                                                 21       0.0 (  1.1%)       0.0 (  1.4%)
    <zixl_I152>~_zixl                                                            0.0 ( 98.9%)       0.0 ( 98.6%)

    zixl_IAI-I16iL1~_zixl                                               34       0.0 ( 93.6%)       0.0 ( 94.5%)
    zixl_IAI-I16iL1-6iI1~_zixl                                           9       0.0 (  6.4%)       0.0 (  5.5%)
  zixl_IAI-5iZhPAe5~_zixl                                               43       0.0                0.0         

    zixl_irY-rPL5E~_zixl                                                10       0.0 (  1.9%)       0.0 (  0.0%)
    zixl_irY-rPL5~_zixl                                                 31       0.0 ( 98.1%)       0.0 (100.0%)
  zixl_irY-52A21p6~_zixl                                                41       0.0                0.0         
    zixl_5Pet1 [F]~_zixl                                                31       0.0 ( 33.2%)       0.0 ( 34.1%)
    zixl_L1U-tAI [RT]~_zixl                                            449       0.0 (  8.9%)       0.0 ( 10.4%)
    zixl_52A21p6-52S~_zixl                                              31       0.0 (  7.8%)       0.0 (  0.4%)
      zixl_L1U-tAI [RF]~_zixl                                            4       0.0 (  1.1%)       0.0 ( 24.1%)
      <zixl_I152>~_zixl                                                          0.0 ( 98.9%)       0.0 ( 75.9%)
    zixl_irY-52A21p6[iLi2]~_zixl                                        10       0.0 (  1.7%)       0.0 (  0.0%)
    zixl_55-ASSdP3Ir1 [G]~_zixl                                         36       0.0 (  1.3%)       0.0 (  0.0%)
    zixl_3LSP [F]~_zixl                                                 31       0.0 (  0.7%)       0.0 (  2.6%)
    <zixl_I152>~_zixl                                                            0.0 ( 46.3%)       0.0 ( 52.5%)

    zixl_irY-5Pet1~_zixl                                                10       0.0 ( 93.1%)       0.0 ( 99.5%)
    zixl_irY-iLtAIiAL25~_zixl                                            3       0.0 (  6.9%)       0.0 (  0.5%)
  zixl_irY-4IP4AqA21~_zixl                                              13       0.0                0.0         
    zixl_irY-U1A8bPL51r32iPL~_zixl                                      55       0.0 ( 76.4%)       0.0 ( 95.5%)
      zixl_5r5-5Pet1 [T]~_zixl                                          55       0.0 ( 81.5%)       0.0 (100.0%)
      <zixl_I152>~_zixl                                                          0.0 ( 18.5%)       0.0 (  0.0%)
    zixl_4r-I14PI2aIPP6 [T]~_zixl                                        1       0.0 (  5.3%)       0.0 (  0.0%)
    zixl_irY-ASSb3y1 [T]~_zixl                                          38       0.0 (  4.2%)       0.0 (  4.5%)
    <zixl_I152>~_zixl                                                            0.0 ( 14.0%)       0.0 (  0.0%)

    zixl_irY-5Pet1[rPL6iq3I1]~_zixl                                      9       0.0 ( 47.5%)       0.0 ( 29.5%)
    zixl_irY-5Pet1~_zixl                                                10       0.0 ( 52.5%)       0.0 ( 70.5%)
  zixl_irY-I1512dPet1I5~_zixl                                           19       0.0                0.0         
    zixl_irY-rPL6iq3I1bPL5~_zixl                                        19       0.0 ( 35.7%)       0.0 ( 71.8%)
      zixl_L1U-tAI [RD]~_zixl                                          177       0.0 ( 30.5%)       0.0 ( 23.6%)
      zixl_I1ZPt1-5A2i56i1S [Y]~_zixl                                   95       0.0 (  2.2%)       0.0 (  1.8%)
      zixl_71A4-I1y3ieS [Y]~_zixl                                       19       0.0 (  1.5%)       0.0 (  0.0%)
      <zixl_I152>~_zixl                                                          0.0 ( 64.3%)       0.0 ( 74.6%)
      <zixl_58i441S>~_zixl                                                       0.0 (  1.4%)       0.0 (  0.0%)
    zixl_5r5-I1512 [R]~_zixl                                            19       0.0 ( 29.3%)       0.0 (  5.2%)
    zixl_55-I1512 [D]~_zixl                                             18       0.0 ( 21.0%)       0.0 (  4.9%)
    zixl_irY-rPL6iq3I1EbPL5~_zixl                                        9       0.0 (  3.4%)       0.0 (  4.7%)
      zixl_L1U-tAI [RY]~_zixl                                            6       0.0 ( 20.9%)       0.0 ( 12.3%)
      zixl_55-ASSdP3Ir1 [H]~_zixl                                        6       0.0 (  1.6%)       0.0 (  0.0%)
      <zixl_I152>~_zixl                                                          0.0 ( 77.6%)       0.0 ( 87.7%)
    zixl_irY-rPL6iq3I1xi62 [E]~_zixl                                     9       0.0 (  1.9%)       0.0 (  0.0%)
    zixl_L1U-tAI [G]~_zixl                                              31       0.0 (  0.8%)       0.0 (  3.0%)
    <zixl_I152>~_zixl                                                            0.0 (  7.9%)       0.0 ( 10.5%)

    zixl_5Pet1~_zixl                                                   285       0.0 ( 47.6%)       0.0 ( 47.2%)
    zixl_irY-rPL6iq3I1xi62gIPL2i1I~_zixl                                50       0.0 ( 21.8%)       0.0 ( 26.0%)
    zixl_irY-rPL6iq3I1gIPL2i1I~_zixl                                    45       0.0 ( 29.2%)       0.0 ( 26.1%)
    zixl_irY-rPL6iq3I1bPL5~_zixl                                        95       0.0 (  1.2%)       0.0 (  0.7%)
  zixl_I1ZPt1-5A2i56i1S~_zixl                                          525       0.0                0.0         

  <zixl_58i441S>~_zixl                                                           0.0 (  0.5%)       0.0 (  2.2%)

================================================================================
== Profile: PEAK-MEMORY, CPU-freq = 2.60 GHz
                                                          Calls   Peak-Mb         
                                                                                  

    <zixl_543IiP35>~_zixl                                                1      16.0 (100.0%)
  zixl_5A5-ZAiL~_zixl                                                    1      16.0         
    zixl_5eAt1-I3L~_zixl                                                 1      16.0 (100.0%)
      zixl_95eAt1-I3L-1LqiL1~_zixl                                      20      16.0 (100.0%)
        zixl_IAI-iZ4e-5Pet1~_zixl                                       20      12.0 ( 75.0%)
          zixl_IAI-5Pet1~_zixl                                          13      12.0 (100.0%)
            zixl_IAI-51234~_zixl                                        21       8.0 ( 66.7%)
              zixl_55-I1512 [R]~_zixl                                  168       8.0 (100.0%)
            zixl_IAI-5Pet1-5Pet1~_zixl                                  21       4.0 ( 33.3%)
              zixl_irY-5Pet1~_zixl                                      21       4.0 (100.0%)
                zixl_irY-5Pet1[rPL6iq3I1]~_zixl                          9       4.0 (100.0%)
                  zixl_irY-rPL6iq3I1gIPL2i1I~_zixl                       9       4.0 (100.0%)
                    zixl_L1U-r73L8 [R]~_zixl                            12       4.0 (100.0%)
        <zixl_I152>~_zixl                                                        4.0 ( 25.0%)

    zixl_55-I1512~_zixl                                                242       8.0 ( 66.7%)
    zixl_irY-rPL6iq3I1gIPL2i1I~_zixl                                    12       4.0 ( 33.3%)
  zixl_L1U-r73L8~_zixl                                                 254      12.0         

    zixl_IAI-51234~_zixl                                               168       8.0 (100.0%)
  zixl_55-I1512~_zixl                                                  242       8.0         
    zixl_L1U-r73L8 [E]~_zixl                                           242       8.0 (100.0%)

