================================================================================
== Profile: REAL-TIME, CPU-freq = 2.60 GHz
                                                          Calls Real-Time  Parent 
                                                                   (secs) fraction

    <zixl_543IiP35>~_zixl                                                1       2.8 (100.0%)
  zixl_zi_z57_ZAiL:q325~_zixl                                            1       2.8         
    zixl_zi_z57_rI1A21_5Le_ALS_4118tAI~_zixl                             1       2.5 ( 90.2%)
      zixl_zi_rI1A21_5Le_ALS_4118tAI_6PI_qIA47~_zixl                     1       2.1 ( 85.1%)
        zixl_zi_A16_4IPr155_eiL81S_qIA47~_zixl                           1       2.0 ( 92.3%)
          zixl_i21-rI1A21~_zixl                                       1097       1.8 ( 93.3%)
          <zixl_I152>~_zixl                                                      0.1 (  6.2%)
        zixl_dQx-rI1A2iPL~_zixl                                          1       0.1 (  4.8%)
          zixl_bPLL1r2g323I1bePr8V94I5~_zixl                             1       0.1 ( 60.2%)
            <zixl_I152>~_zixl                                                    0.1 (100.0%)
          zixl_bPLt1I2QeV94INPdLeV94I~_zixl                              1       0.0 (  4.9%)
            zixl_y3ieS_194I~_zixl                                     1373       0.0 ( 18.0%)
            zixl_4P52_4IPr155_194I~_zixl                              1373       0.0 (  2.4%)
            <zixl_I152>~_zixl                                                    0.0 ( 79.6%)
          zixl_p42iZiz1QeV94I:p42V94INAye1~_zixl                         1       0.0 (  4.3%)
          zixl_xU2NIAtf65gALiLb::q12Q192x1t1e [R]~_zixl               1174       0.0 (  1.1%)
          <zixl_I152>~_zixl                                                      0.0 ( 28.3%)
          <zixl_58i441S>~_zixl                                                   0.0 (  1.1%)
        <zixl_I152>~_zixl                                                        0.1 (  2.8%)
      zixl_zi_A16_51234_ALS_rI1A21_L12ei52_6PIZAe~_zixl                  1       0.3 ( 11.6%)
        zixl_A16_6PIZAe_rI1A21_L12ei52~_zixl                             1       0.2 ( 84.7%)
          zixl_zi_A16_6PIZAe_rI1A21_L12ei52~_zixl                        1       0.2 ( 99.7%)
            zixl_zi_SyP_ZPS1e_q12_PI_ZA81_Le_qIA47_r352PZ [E]~_zixl         14       0.2 ( 96.0%)
            <zixl_I152>~_zixl                                                    0.0 (  3.5%)
        zixl_A16_6PIZAe_rI1A21_SyP_ZPS1e5_SAq~_zixl                      1       0.0 ( 15.1%)
      zixl_zi_A16_6eA221L_6PI_6PIZAe~_zixl                               1       0.1 (  3.3%)
        zixl_zi_A16_6eA221L_L12ei52_6PIZAe~_zixl                         1       0.1 (100.0%)
          zixl_6eA221L_qIA47_I1Ae [R]~_zixl                              1       0.1 ( 85.2%)
          <zixl_I152>~_zixl                                                      0.0 ( 14.8%)
    <zixl_I152>~_zixl                                                            0.3 (  9.8%)

    zixl_zi_A16_6PIZAe_rI1A21_L12ei52~_zixl                             14       0.2 (100.0%)
  zixl_zi_SyP_ZPS1e_q12_PI_ZA81_Le_qIA47_r352PZ~_zixl                   21       0.2         
    zixl_zi_Le_I52I_qIA47_ePrAe~_zixl                                    7       0.1 ( 33.9%)
    <zixl_I152>~_zixl                                                            0.2 ( 66.1%)

    zixl_zi_A16_6PIZAe_rI1A21_L12ei52~_zixl                              7       0.0 (  1.6%)
    zixl_zi_A16_6eA221L_L12ei52_6PIZAe~_zixl                             1       0.1 ( 98.4%)
  zixl_6eA221L_qIA47_I1Ae~_zixl                                          8       0.1         
    zixl_zi_Le_iLeiL1_53yr82~_zixl                                       6       0.0 (  6.2%)
      zixl_zi_Le_rP4O_4AI1L2_qIA47~_zixl                                 6       0.0 ( 93.9%)
        zixl_rP4O_LPS1~_zixl                                          1483       0.0 ( 47.7%)
        zixl_rP4O_4118tAI~_zixl                                        402       0.0 ( 32.8%)
        zixl_rP4O_rPLL~_zixl                                          1371       0.0 (  8.8%)
        zixl_rP4O_y35~_zixl                                           1371       0.0 (  5.2%)
        <zixl_I152>~_zixl                                                        0.0 (  5.6%)
      zixl_I14eAr1_53yr82~_zixl                                          6       0.0 (  2.3%)
        zixl_Qx iLP32 4IPr155~_zixl                                     63       0.0 ( 47.8%)
        <zixl_I152>~_zixl                                                        0.0 ( 52.2%)
      zixl_zi_Le_4IiZ_iLeiL1_r71r8~_zixl                                 6       0.0 (  1.1%)
      <zixl_I152>~_zixl                                                          0.0 (  1.4%)
      <zixl_58i441S>~_zixl                                                       0.0 (  1.4%)
    <zixl_I152>~_zixl                                                            0.1 ( 93.8%)


================================================================================
== Profile: PEAK-MEMORY, CPU-freq = 2.60 GHz
                                                          Calls   Peak-Mb         
                                                                                  

    <zixl_543IiP35>~_zixl                                                1     456.0 (100.0%)
  zixl_zi_z57_ZAiL:q325~_zixl                                            1     456.0         
    zixl_zi_z57_rI1A21_5Le_ALS_4118tAI~_zixl                             1     456.0 (100.0%)
      zixl_zi_rI1A21_5Le_ALS_4118tAI_6PI_qIA47~_zixl                     1     368.0 ( 80.7%)
        zixl_zi_A16_4IPr155_eiL81S_qIA47~_zixl                           1     196.0 ( 53.3%)
          zixl_i21-rI1A21~_zixl                                       1097     140.0 ( 71.4%)
          <zixl_I152>~_zixl                                                     56.0 ( 28.6%)
        zixl_dQx-rI1A2iPL~_zixl                                          1      88.0 ( 23.9%)
          zixl_bPLL1r2g323I1bePr8V94I5~_zixl                             1      84.0 ( 95.5%)
            <zixl_I152>~_zixl                                                   84.0 (100.0%)
          zixl_bPLt1I2QeV94INPdLeV94I~_zixl                              1       4.0 (  4.5%)
            <zixl_I152>~_zixl                                                    4.0 (100.0%)
        <zixl_I152>~_zixl                                                       84.0 ( 22.8%)
      zixl_zi_A16_51234_ALS_rI1A21_L12ei52_6PIZAe~_zixl                  1      88.0 ( 19.3%)
        zixl_A16_6PIZAe_rI1A21_L12ei52~_zixl                             1      88.0 (100.0%)
          zixl_zi_A16_6PIZAe_rI1A21_L12ei52~_zixl                        1      88.0 (100.0%)
            zixl_zi_SyP_ZPS1e_q12_PI_ZA81_Le_qIA47_r352PZ [E]~_zixl         14      88.0 (100.0%)

    zixl_zi_A16_6PIZAe_rI1A21_L12ei52~_zixl                             14      88.0 (100.0%)
  zixl_zi_SyP_ZPS1e_q12_PI_ZA81_Le_qIA47_r352PZ~_zixl                   21      88.0         
    zixl_zi_Le_I52I_qIA47_ePrAe~_zixl                                    7       4.0 (  4.5%)
    <zixl_I152>~_zixl                                                           84.0 ( 95.5%)

