# 
# Questa Static Verification System
# Version 10.7b linux_x86_64 12 Jun 2018


Command-line arguments:
	-jobs 4 \
	-init qs_files/myinit.init \
	-timeout 5m 

Info    : Using initialization sequence file to initialize design state.  File 'qs_files/myinit.init'.  [formal-205]
Applying synthesis semantics.
[00:00:00] Status: Done 0/40, Update 0/40, Proof radius min=0, avg=0.00, Mem=0GB
[00:00:00] Established connection with process, Hostname=mo.ece.pdx.edu, pid=18731.
[00:00:00] Established connection with process, Hostname=mo.ece.pdx.edu, pid=18742.
[00:00:00] Established connection with process, Hostname=mo.ece.pdx.edu, pid=18741.
[00:00:00] Established connection with process, Hostname=mo.ece.pdx.edu, pid=18743.
[00:00:00] Covered @3: check1.DACK0isOne_c
[00:00:00] Proven: check1.stateTransistionS1toS2_a
[00:00:00] Covered @3: check1.DACK1isOne_c
[00:00:00] Covered @3: check1.DACK2isOne_c
[00:00:00] Covered @3: check1.DACK3isOne_c
[00:00:00] Covered @6: check1.ioRead_c
[00:00:00] Proven: check1.internalFFone_a
[00:00:00] Proven: check1.stateTransistionS2toS4_a
[00:00:00] Vacuously Proven: check1.loadWriteBuffer_a
[00:00:00] Proven: check1.stateTransistionS4toSI_a
[00:00:00] Proven: check1.DREQ0011ToDACK0001_a
[00:00:00] Covered @11: check1.ioWrite_c
[00:00:00] Proven: check1.DREQ0111ToDACK0001_a
[00:00:00] Covered @6: check1.memoryRead_c
[00:00:00] Covered @11: check1.memoryWrite_c
[00:00:00] Fired @4: check1.addressEnable_a
[00:00:00] Proven: check1.DREQ1111ToDACK0001_a
[00:00:00] Covered @3: check1.AENactive_c
[00:00:00] Proven: check1.DREQ1110ToDACK0010_a
[00:00:00] Covered @3: check1.ADSTBactive_c
[00:00:00] Covered @2: check1.HRQactive_c
[00:00:00] Covered @6: check1.stateSI_c
[00:00:00] Fired @2: check1.loadIoDataBufferFromDB_a
[00:00:00] Covered @2: check1.stateSO_c
[00:00:00] Covered @3: check1.stateS1_c
[00:00:00] Fired @4: check1.addressStrobeActive_a
[00:00:00] Covered @4: check1.stateS2_c
[00:00:00] Covered @5: check1.stateS4_c
[00:00:00] Proven: check1.stateTransistionSItoSO_a
[00:00:00] Covered @15: check1.stateTransistions_a
[00:00:00] Proven: check1.addressStrobeLow_a
[00:00:00] Proven: check1.stateTransistionSOtoS1_a
[00:00:00] Proven: check1.loadCommandReg_a
[00:00:00] Proven: check1.addressBusValid
[00:00:00] Proven: check1.dataBusValid
[00:00:00] Fired @1: check1.noReadWriteAtSameTime
[00:00:00] Proven: check1.addressValidOnReadWrite
[00:00:00] Proven: check1.dataValidOnReadWrite
[00:00:00] Proven: check1.internalFFzero_a
[00:00:00] Fired @12: check1.readStatusReg_a
[00:00:02] Status: Done 40/40, Update 40/40, Proof radius min=N/A, avg=N/A, Mem=1GB

---------------------------------------
Property Summary                  Count
---------------------------------------
Assumed                               2
Proven                               18
  Vacuous                             1
Covered                              17
Inconclusive                          0
Fired                                 5
Uncoverable                           0
---------------------------------------
Total                                42
---------------------------------------


--------- Process Statistics ----------
Elapsed Time                       2 s 
-------- Orchestration Process --------
-------- mo.ece.pdx.edu:18711 ---------
CPU Time                           1 s 
Peak Memory                      0.2 GB
---------- Engine Processes -----------
-------- mo.ece.pdx.edu:18731 ---------
CPU Time                           0 s 
Peak Memory                      0.1 GB
CPU Utilization                    0 % 
-------- mo.ece.pdx.edu:18742 ---------
CPU Time                           2 s 
Peak Memory                      0.3 GB
CPU Utilization                  100 % 
-------- mo.ece.pdx.edu:18741 ---------
CPU Time                           0 s 
Peak Memory                      0.1 GB
CPU Utilization                    0 % 
-------- mo.ece.pdx.edu:18743 ---------
CPU Time                           0 s 
Peak Memory                      0.1 GB
CPU Utilization                    0 % 
---------------------------------------


Message Summary
---------------------------------------------------------------------------
Count  Type     Message ID         Summary
---------------------------------------------------------------------------
    1  Info     formal-205         Using initialization sequence file to initialize design state.

Final Process Statistics: Peak Memory 0.28GB, Cumulative CPU Time 3s, Elapsed Time 2s

To see results in the GUI run:
qverify /u/pratik2/ECE560/DMA_Controller_Assertion_Based_Verification/Output_Results/formal_verify.db

