# 
# Copyright 1995-2018 Mentor Graphics Corporation.
# All Rights Reserved.
# 
# THIS WORK CONTAINS TRADE SECRET AND PROPRIETARY INFORMATION 
# WHICH IS THE PROPERTY OF MENTOR GRAPHICS CORPORATION OR ITS
# LICENSORS AND IS SUBJECT TO LICENSE TERMS.
# 
# THIS DOCUMENT CONTAINS TRADE SECRETS AND COMMERCIAL OR FINANCIAL
# INFORMATION THAT ARE PRIVILEGED, CONFIDENTIAL, AND EXEMPT FROM
# DISCLOSURE UNDER THE FREEDOM OF INFORMATION ACT, 5 U.S.C. SECTION
# 552.  FURTHERMORE, THIS INFORMATION IS PROHIBITED FROM DISCLOSURE
# UNDER THE TRADE SECRETS ACT, 18 U.S.C. SECTION 1905.
# 
# 
# Questa Static Verification System
# Version 10.7b linux_x86_64 12 Jun 2018
# 
# log created Sun Dec  5 08:29:52 2021 by pratik2 on mo.ece.pdx.edu
# 
# 
# Command: netlist elaborate
# Command arguments:
#     -zdb
#       /u/pratik2/ECE560/DMA_Controller_Assertion_Based_Verification/Output_Results/qcache/DB/zdb_0
#     -tool propcheck
#     -d dma
#     -cuname my_bind_sva
# 
# 
## Elaborating Design...
# Reading MTI mapping for library mapping
# Writing all MTI mappings to vmap output ...
# 
# Top level modules:
# 	dma
# 	my_bind_sva
# 
# Analyzing design...
# -- Loading module z0in_work.dma
# -- Importing package z0in_work.dmaRegConfigPkg
# -- Loading package z0in_work.my_bind_sva
# -- Loading interface z0in_work.dmaInternalRegistersIf
# -- Loading interface z0in_work.dmaInternalSignalsIf
# -- Loading module z0in_work.priorityLogic
# -- Loading module z0in_work.timingAndControl
# -- Loading module z0in_work.datapath
# -- Loading module z0in_work.dma_checker_sva
# -- Loading module z0in_work.referenceModel
# -- Loading interface z0in_work.busInterface
# Optimizing 11 design-units (inlining 0/9 module instances):
# -- Optimizing package z0in_work.my_bind_sva(fast)
# -- Optimizing package z0in_work.dmaRegConfigPkg(fast)
# -- Optimizing interface z0in_work.busInterface(fast)
# -- Optimizing interface z0in_work.dmaInternalRegistersIf(fast)
# -- Optimizing interface z0in_work.dmaInternalSignalsIf(fast)
# -- Optimizing module z0in_work.priorityLogic(fast)
# -- Optimizing module z0in_work.timingAndControl(fast)
# -- Optimizing module z0in_work.datapath(fast)
# -- Optimizing module z0in_work.referenceModel(fast)
# -- Optimizing module z0in_work.dma_checker_sva(fast)
# -- Optimizing module z0in_work.dma(fast)
# Optimized design name is zi_opt_csl_1402776646_1
# Identified prefix 'dma'.
# End of log Sun Dec  5 08:29:53 2021
# 
# 
# 
# Questa Static Verification System
# Version 10.7b linux_x86_64 12 Jun 2018
# 
# log created Sun Dec  5 08:29:53 2021 by pratik2 on mo.ece.pdx.edu
# 
# 
# Command: netlist create
# Command arguments:
#     -zdb
#       /u/pratik2/ECE560/DMA_Controller_Assertion_Based_Verification/Output_Results/qcache/DB/zdb_0
#     -tool propcheck
#     -d dma
#     -cuname my_bind_sva
#     -tcs
# 
# 
## Synthesizing netlist...
# Processing module 'dmaInternalRegistersIf'
# Elaborating module 'dmaInternalRegistersIf'.
# Processing module 'dmaInternalSignalsIf'
# Elaborating module 'dmaInternalSignalsIf'.
# Processing module 'priorityLogic'
# Elaborating module 'priorityLogic'.
# Processing module 'timingAndControl'
# Elaborating module 'timingAndControl'.
# Processing module 'datapath'
# Elaborating module 'datapath'.
# Processing module 'referenceModel'
# Elaborating module 'referenceModel'.
# Processing module 'dma_checker_sva'
# Elaborating module 'dma_checker_sva'.
# Processing module 'dma'
# Elaborating module 'dma'.
# 
##Time Taken (Synthesis) = 231.000000 ticks = 2.310000 secs
# 
# End of log Sun Dec  5 08:29:56 2021
# 
# 
# 
# Questa Static Verification System
# Version 10.7b linux_x86_64 12 Jun 2018
# 
# log created Sun Dec  5 08:29:57 2021 by pratik2 on mo.ece.pdx.edu
# 
# 
# Command: formal compile
# Command arguments:
#     -zdb
#       /u/pratik2/ECE560/DMA_Controller_Assertion_Based_Verification/Output_Results/qcache/DB/zdb_0
#     -d dma
#     -cuname my_bind_sva
#     -tcs
# 
# 
## Processing Formal Logic...
# Processing module 'dmaInternalRegistersIf'
# Restoring module 'dmaInternalRegistersIf'.
# Processing module 'dmaInternalSignalsIf'
# Restoring module 'dmaInternalSignalsIf'.
# Processing module 'priorityLogic'
# Restoring module 'priorityLogic'.
# Processing module 'timingAndControl'
# Restoring module 'timingAndControl'.
# Processing module 'datapath'
# Restoring module 'datapath'.
# Processing module 'referenceModel'
# Restoring module 'referenceModel'.
# Processing module 'dma_checker_sva'
# Restoring module 'dma_checker_sva'.
# Processing module 'dma'
# Restoring module 'dma'.
# Flattening design 'dmaInternalRegistersIf'.
# Flattening design 'dmaInternalSignalsIf'.
# Flattening design 'priorityLogic'.
# Flattening design 'timingAndControl'.
# Flattening design 'datapath'.
# Flattening design 'referenceModel'.
# Flattening design 'dma_checker_sva'.
# Flattening design 'dma'.
# Flattening design 'dma'.
# Info    : Detected reset.  Reset: busIf.RESET, polarity: synchronous, active: high.  [netlist-12]
# Info    : Detected clock.  Clock: busIf.CLK, polarity: posedge.  [netlist-11]
# Design is processed for formal verification.  Design 'dma'.
# 
# Clocks
# ------------------------------------------------------------------------------
# Port                                   Period         Waveform    Edges
# ------------------------------------------------------------------------------
# busIf.CLK                                  10              0 5    PE   
# ------------------------------------------------------------------------------
# 
# Blackboxes
# ------------------------------------------------------------------------------
# Module name                                                Reason
# ------------------------------------------------------------------------------
# <no blackboxed modules>
# ------------------------------------------------------------------------------
# 
# Inferred directives
# ------------------------------------------------------------------------------
# <no inferred directives>
# ------------------------------------------------------------------------------
# 
# Design is linked for formal analysis.  Design 'dma'.
# Info    : Multiply-driven register/latch found.  Register: 'd.ioAddressBuffer'.  [formal-280]
# Info    : Multiply-driven register/latch found.  Register: 'd.intRegIf.temporaryAddressReg'.  [formal-280]
# Info    : Multiply-driven register/latch found.  Register: 'd.outputAddressBuffer'.  [formal-280]
# Info    : Multiply-driven register/latch found.  Register: 'd.enUpperAddress'.  [formal-280]
# Info    : Multiply-driven register/latch found.  Register: 'd.readBuffer'.  [formal-280]
# Formal model has been created.
# 
# Property Summary
# -------------------------------------------------------------------------------
# Total  Directives :42
# Assert Directives :23
# Assume Directives :2
# Cover  Directives :17
# 
# SVA Summary
# -------------------------------------------------------------------------------
# SVA Directive Type        Directives           Checkers
# -------------------------------------------------------------------------------
# Assert                        23                  23
# Assume                         2                   2
# Cover                         17                  17
# -------------------------------------------------------------------------------
# 
# Design Checks Summary
# -------------------------------------------------------------------------------
# Check                              Found
# -------------------------------------------------------------------------------
# REG_MULTIPLY_DRIVEN                    5
# -------------------------------------------------------------------------------
# Total                                  5
# -------------------------------------------------------------------------------
# 
# 
# To see results in the GUI run:
# qverify /u/pratik2/ECE560/DMA_Controller_Assertion_Based_Verification/Output_Results/formal_compile.db
# 
# 
# Message Summary
# ---------------------------------------------------------------------------
# Count  Type     Message ID         Summary
# ---------------------------------------------------------------------------
#     5  Info     formal-280         Multiply-driven register/latch found.
#     1  Info     netlist-11         Detected clock.
#     1  Info     netlist-12         Detected reset.
# 
# Final Process Statistics: Max memory 610MB, CPU time 5s, Total time 6s
# End of log Sun Dec  5 08:29:59 2021
# 
# 
# 
# Command-line arguments:
# 	-jobs 4 \
# 	-init qs_files/myinit.init \
# 	-timeout 5m 
# 
# Info    : Using initialization sequence file to initialize design state.  File 'qs_files/myinit.init'.  [formal-205]
# Applying synthesis semantics.
# [00:00:00] Status: Done 0/40, Update 0/40, Proof radius min=0, avg=0.00, Mem=0GB
# [00:00:00] Established connection with process, Hostname=mo.ece.pdx.edu, pid=18731.
# [00:00:00] Established connection with process, Hostname=mo.ece.pdx.edu, pid=18742.
# [00:00:00] Established connection with process, Hostname=mo.ece.pdx.edu, pid=18741.
# [00:00:00] Established connection with process, Hostname=mo.ece.pdx.edu, pid=18743.
# [00:00:00] Covered @3: check1.DACK0isOne_c
# [00:00:00] Proven: check1.stateTransistionS1toS2_a
# [00:00:00] Covered @3: check1.DACK1isOne_c
# [00:00:00] Covered @3: check1.DACK2isOne_c
# [00:00:00] Covered @3: check1.DACK3isOne_c
# [00:00:00] Covered @6: check1.ioRead_c
# [00:00:00] Proven: check1.internalFFone_a
# [00:00:00] Proven: check1.stateTransistionS2toS4_a
# [00:00:00] Vacuously Proven: check1.loadWriteBuffer_a
# [00:00:00] Proven: check1.stateTransistionS4toSI_a
# [00:00:00] Proven: check1.DREQ0011ToDACK0001_a
# [00:00:00] Covered @11: check1.ioWrite_c
# [00:00:00] Proven: check1.DREQ0111ToDACK0001_a
# [00:00:00] Covered @6: check1.memoryRead_c
# [00:00:00] Covered @11: check1.memoryWrite_c
# [00:00:00] Fired @4: check1.addressEnable_a
# [00:00:00] Proven: check1.DREQ1111ToDACK0001_a
# [00:00:00] Covered @3: check1.AENactive_c
# [00:00:00] Proven: check1.DREQ1110ToDACK0010_a
# [00:00:00] Covered @3: check1.ADSTBactive_c
# [00:00:00] Covered @2: check1.HRQactive_c
# [00:00:00] Covered @6: check1.stateSI_c
# [00:00:00] Fired @2: check1.loadIoDataBufferFromDB_a
# [00:00:00] Covered @2: check1.stateSO_c
# [00:00:00] Covered @3: check1.stateS1_c
# [00:00:00] Fired @4: check1.addressStrobeActive_a
# [00:00:00] Covered @4: check1.stateS2_c
# [00:00:00] Covered @5: check1.stateS4_c
# [00:00:00] Proven: check1.stateTransistionSItoSO_a
# [00:00:00] Covered @15: check1.stateTransistions_a
# [00:00:00] Proven: check1.addressStrobeLow_a
# [00:00:00] Proven: check1.stateTransistionSOtoS1_a
# [00:00:00] Proven: check1.loadCommandReg_a
# [00:00:00] Proven: check1.addressBusValid
# [00:00:00] Proven: check1.dataBusValid
# [00:00:00] Fired @1: check1.noReadWriteAtSameTime
# [00:00:00] Proven: check1.addressValidOnReadWrite
# [00:00:00] Proven: check1.dataValidOnReadWrite
# [00:00:00] Proven: check1.internalFFzero_a
# [00:00:00] Fired @12: check1.readStatusReg_a
# [00:00:02] Status: Done 40/40, Update 40/40, Proof radius min=N/A, avg=N/A, Mem=1GB
# 
# ---------------------------------------
# Property Summary                  Count
# ---------------------------------------
# Assumed                               2
# Proven                               18
#   Vacuous                             1
# Covered                              17
# Inconclusive                          0
# Fired                                 5
# Uncoverable                           0
# ---------------------------------------
# Total                                42
# ---------------------------------------
# 
# 
# --------- Process Statistics ----------
# Elapsed Time                       2 s 
# -------- Orchestration Process --------
# -------- mo.ece.pdx.edu:18711 ---------
# CPU Time                           1 s 
# Peak Memory                      0.2 GB
# ---------- Engine Processes -----------
# -------- mo.ece.pdx.edu:18731 ---------
# CPU Time                           0 s 
# Peak Memory                      0.1 GB
# CPU Utilization                    0 % 
# -------- mo.ece.pdx.edu:18742 ---------
# CPU Time                           2 s 
# Peak Memory                      0.3 GB
# CPU Utilization                  100 % 
# -------- mo.ece.pdx.edu:18741 ---------
# CPU Time                           0 s 
# Peak Memory                      0.1 GB
# CPU Utilization                    0 % 
# -------- mo.ece.pdx.edu:18743 ---------
# CPU Time                           0 s 
# Peak Memory                      0.1 GB
# CPU Utilization                    0 % 
# ---------------------------------------
# 
# 
# Message Summary
# ---------------------------------------------------------------------------
# Count  Type     Message ID         Summary
# ---------------------------------------------------------------------------
#     1  Info     formal-205         Using initialization sequence file to initialize design state.
# 
# Final Process Statistics: Peak Memory 0.28GB, Cumulative CPU Time 3s, Elapsed Time 2s
# 
# To see results in the GUI run:
# qverify /u/pratik2/ECE560/DMA_Controller_Assertion_Based_Verification/Output_Results/formal_verify.db
# 
# End of log Sun Dec  5 08:30:03 2021
# 
# 
